==321460== Memcheck, a memory error detector
==321460== Copyright (C) 2002-2017, and GNU GPL'd, by Julian Seward et al.
==321460== Using Valgrind-3.13.0 and LibVEX; rerun with -h for copyright info
==321460== Command: ./bin/WTA_CG
==321460== Parent PID: 321401
==321460== 
==321460== 
==321460== HEAP SUMMARY:
==321460==     in use at exit: 18,900,679 bytes in 93 blocks
==321460==   total heap usage: 334,761 allocs, 334,668 frees, 899,282,050 bytes allocated
==321460== 
==321460== 24 bytes in 1 blocks are possibly lost in loss record 2 of 13
==321460==    at 0x4C2A1E3: operator new(unsigned long) (vg_replace_malloc.c:334)
==321460==    by 0x52F2E9B: HighsTaskExecutor::HighsTaskExecutor(int) (in /share/home/liguanda/HiGHS/install/lib64/libhighs.so.1.3.1)
==321460==    by 0x5304D1E: Highs::run() (in /share/home/liguanda/HiGHS/install/lib64/libhighs.so.1.3.1)
==321460==    by 0x410329: Master::Solve() (Master.cpp:375)
==321460==    by 0x416A06: BranchAndCut::ColumnGeneration(Node&) (BranchAndCut.cpp:145)
==321460==    by 0x416BFA: BranchAndCut::SolveRootNode(Node&) (BranchAndCut.cpp:101)
==321460==    by 0x416CB1: BranchAndCut::Run() (BranchAndCut.cpp:52)
==321460==    by 0x408BF6: main (mainWTA.cpp:84)
==321460== 
==321460== 112 bytes in 1 blocks are possibly lost in loss record 7 of 13
==321460==    at 0x4C2A1E3: operator new(unsigned long) (vg_replace_malloc.c:334)
==321460==    by 0x5304D01: Highs::run() (in /share/home/liguanda/HiGHS/install/lib64/libhighs.so.1.3.1)
==321460==    by 0x410329: Master::Solve() (Master.cpp:375)
==321460==    by 0x416A06: BranchAndCut::ColumnGeneration(Node&) (BranchAndCut.cpp:145)
==321460==    by 0x416BFA: BranchAndCut::SolveRootNode(Node&) (BranchAndCut.cpp:101)
==321460==    by 0x416CB1: BranchAndCut::Run() (BranchAndCut.cpp:52)
==321460==    by 0x408BF6: main (mainWTA.cpp:84)
==321460== 
==321460== 192 bytes in 1 blocks are possibly lost in loss record 8 of 13
==321460==    at 0x4C2A1E3: operator new(unsigned long) (vg_replace_malloc.c:334)
==321460==    by 0x52F2E73: HighsTaskExecutor::HighsTaskExecutor(int) (in /share/home/liguanda/HiGHS/install/lib64/libhighs.so.1.3.1)
==321460==    by 0x5304D1E: Highs::run() (in /share/home/liguanda/HiGHS/install/lib64/libhighs.so.1.3.1)
==321460==    by 0x410329: Master::Solve() (Master.cpp:375)
==321460==    by 0x416A06: BranchAndCut::ColumnGeneration(Node&) (BranchAndCut.cpp:145)
==321460==    by 0x416BFA: BranchAndCut::SolveRootNode(Node&) (BranchAndCut.cpp:101)
==321460==    by 0x416CB1: BranchAndCut::Run() (BranchAndCut.cpp:52)
==321460==    by 0x408BF6: main (mainWTA.cpp:84)
==321460== 
==321460== 288 bytes in 1 blocks are possibly lost in loss record 9 of 13
==321460==    at 0x4C2A1E3: operator new(unsigned long) (vg_replace_malloc.c:334)
==321460==    by 0x52F3381: HighsTaskExecutor::HighsTaskExecutor(int) (in /share/home/liguanda/HiGHS/install/lib64/libhighs.so.1.3.1)
==321460==    by 0x5304D1E: Highs::run() (in /share/home/liguanda/HiGHS/install/lib64/libhighs.so.1.3.1)
==321460==    by 0x410329: Master::Solve() (Master.cpp:375)
==321460==    by 0x416A06: BranchAndCut::ColumnGeneration(Node&) (BranchAndCut.cpp:145)
==321460==    by 0x416BFA: BranchAndCut::SolveRootNode(Node&) (BranchAndCut.cpp:101)
==321460==    by 0x416CB1: BranchAndCut::Run() (BranchAndCut.cpp:52)
==321460==    by 0x408BF6: main (mainWTA.cpp:84)
==321460== 
==321460== 4,144 bytes in 7 blocks are possibly lost in loss record 11 of 13
==321460==    at 0x4C2B955: calloc (vg_replace_malloc.c:711)
==321460==    by 0x40126C4: _dl_allocate_tls (in /usr/lib64/ld-2.17.so)
==321460==    by 0x4E3E7AB: pthread_create@@GLIBC_2.2.5 (in /usr/lib64/libpthread-2.17.so)
==321460==    by 0x5864D14: __gthread_create (gthr-default.h:663)
==321460==    by 0x5864D14: std::thread::_M_start_thread(std::unique_ptr<std::thread::_State, std::default_delete<std::thread::_State> >, void (*)()) (thread.cc:135)
==321460==    by 0x52F31A2: HighsTaskExecutor::HighsTaskExecutor(int) (in /share/home/liguanda/HiGHS/install/lib64/libhighs.so.1.3.1)
==321460==    by 0x5304D1E: Highs::run() (in /share/home/liguanda/HiGHS/install/lib64/libhighs.so.1.3.1)
==321460==    by 0x410329: Master::Solve() (Master.cpp:375)
==321460==    by 0x416A06: BranchAndCut::ColumnGeneration(Node&) (BranchAndCut.cpp:145)
==321460==    by 0x416BFA: BranchAndCut::SolveRootNode(Node&) (BranchAndCut.cpp:101)
==321460==    by 0x416CB1: BranchAndCut::Run() (BranchAndCut.cpp:52)
==321460==    by 0x408BF6: main (mainWTA.cpp:84)
==321460== 
==321460== 9,216 bytes in 36 blocks are possibly lost in loss record 12 of 13
==321460==    at 0x4C2A1E3: operator new(unsigned long) (vg_replace_malloc.c:334)
==321460==    by 0x52F2F5D: HighsTaskExecutor::HighsTaskExecutor(int) (in /share/home/liguanda/HiGHS/install/lib64/libhighs.so.1.3.1)
==321460==    by 0x5304D1E: Highs::run() (in /share/home/liguanda/HiGHS/install/lib64/libhighs.so.1.3.1)
==321460==    by 0x410329: Master::Solve() (Master.cpp:375)
==321460==    by 0x416A06: BranchAndCut::ColumnGeneration(Node&) (BranchAndCut.cpp:145)
==321460==    by 0x416BFA: BranchAndCut::SolveRootNode(Node&) (BranchAndCut.cpp:101)
==321460==    by 0x416CB1: BranchAndCut::Run() (BranchAndCut.cpp:52)
==321460==    by 0x408BF6: main (mainWTA.cpp:84)
==321460== 
==321460== 18,885,888 bytes in 36 blocks are possibly lost in loss record 13 of 13
==321460==    at 0x4C2A1E3: operator new(unsigned long) (vg_replace_malloc.c:334)
==321460==    by 0x52F2F06: HighsTaskExecutor::HighsTaskExecutor(int) (in /share/home/liguanda/HiGHS/install/lib64/libhighs.so.1.3.1)
==321460==    by 0x5304D1E: Highs::run() (in /share/home/liguanda/HiGHS/install/lib64/libhighs.so.1.3.1)
==321460==    by 0x410329: Master::Solve() (Master.cpp:375)
==321460==    by 0x416A06: BranchAndCut::ColumnGeneration(Node&) (BranchAndCut.cpp:145)
==321460==    by 0x416BFA: BranchAndCut::SolveRootNode(Node&) (BranchAndCut.cpp:101)
==321460==    by 0x416CB1: BranchAndCut::Run() (BranchAndCut.cpp:52)
==321460==    by 0x408BF6: main (mainWTA.cpp:84)
==321460== 
==321460== LEAK SUMMARY:
==321460==    definitely lost: 0 bytes in 0 blocks
==321460==    indirectly lost: 0 bytes in 0 blocks
==321460==      possibly lost: 18,899,864 bytes in 83 blocks
==321460==    still reachable: 815 bytes in 10 blocks
==321460==         suppressed: 0 bytes in 0 blocks
==321460== Reachable blocks (those to which a pointer was found) are not shown.
==321460== To see them, rerun with: --leak-check=full --show-leak-kinds=all
==321460== 
==321460== For counts of detected and suppressed errors, rerun with: -v
==321460== ERROR SUMMARY: 7 errors from 7 contexts (suppressed: 0 from 0)
